0 verbose cli C:\Program Files\nodejs\node.exe C:\Users\espacegamers\AppData\Roaming\npm\node_modules\npm\bin\npm-cli.js
1 info using npm@11.7.0
2 info using node@v24.11.1
3 silly config load:file:C:\Users\espacegamers\AppData\Roaming\npm\node_modules\npm\npmrc
4 silly config load:file:C:\Users\espacegamers\IdeaProjects\React-labs\Lab1\lab1-profplateform\.npmrc
5 silly config load:file:C:\Users\espacegamers\.npmrc
6 silly config load:file:C:\Users\espacegamers\AppData\Roaming\npm\etc\npmrc
7 verbose title npm install
8 verbose argv "install"
9 verbose logfile logs-max:10 dir:C:\Users\espacegamers\IdeaProjects\React-labs\Lab1\lab1-profplateform\.npm-cache\_logs\2026-03-13T22_15_38_418Z-
10 verbose logfile C:\Users\espacegamers\IdeaProjects\React-labs\Lab1\lab1-profplateform\.npm-cache\_logs\2026-03-13T22_15_38_418Z-debug-0.log
11 silly logfile done cleaning log files
12 silly packumentCache heap:4496293888 maxSize:1124073472 maxEntrySize:562036736
13 silly idealTree buildDeps
14 silly fetch manifest prop-types@^15.8.1
15 silly packumentCache full:https://registry.npmjs.org/prop-types cache-miss
16 http fetch GET https://registry.npmjs.org/npm attempt 1 failed with EACCES
17 http fetch GET https://registry.npmjs.org/prop-types attempt 1 failed with EACCES
18 http fetch GET https://registry.npmjs.org/npm attempt 2 failed with EACCES
19 http fetch GET https://registry.npmjs.org/prop-types attempt 2 failed with EACCES
20 http fetch GET https://registry.npmjs.org/npm attempt 3 failed with EACCES
21 http fetch GET https://registry.npmjs.org/prop-types attempt 3 failed with EACCES
22 silly fetch manifest react@^18.2.0
23 silly packumentCache full:https://registry.npmjs.org/react cache-miss
24 http fetch GET https://registry.npmjs.org/react attempt 1 failed with EACCES
25 http fetch GET https://registry.npmjs.org/react attempt 2 failed with EACCES
26 http fetch GET https://registry.npmjs.org/react attempt 3 failed with EACCES
27 silly fetch manifest react-dom@^18.2.0
28 silly packumentCache full:https://registry.npmjs.org/react-dom cache-miss
29 http fetch GET https://registry.npmjs.org/react-dom attempt 1 failed with EACCES
30 http fetch GET https://registry.npmjs.org/react-dom attempt 2 failed with EACCES
31 http fetch GET https://registry.npmjs.org/react-dom attempt 3 failed with EACCES
32 silly fetch manifest react-scripts@5.0.1
33 silly packumentCache full:https://registry.npmjs.org/react-scripts cache-miss
34 http fetch GET https://registry.npmjs.org/react-scripts attempt 1 failed with EACCES
35 http fetch GET https://registry.npmjs.org/react-scripts attempt 2 failed with EACCES
36 http fetch GET https://registry.npmjs.org/react-scripts attempt 3 failed with EACCES
37 silly placeDep ROOT prop-types@ OK for: tp-react@1.0.0 want: ^15.8.1
38 silly placeDep ROOT react@ OK for: tp-react@1.0.0 want: ^18.2.0
39 silly placeDep ROOT react-dom@ OK for: tp-react@1.0.0 want: ^18.2.0
40 silly placeDep ROOT react-scripts@ OK for: tp-react@1.0.0 want: 5.0.1
41 verbose type system
42 verbose stack FetchError: request to https://registry.npmjs.org/prop-types failed, reason: 
42 verbose stack     at ClientRequest.<anonymous> (C:\Users\espacegamers\AppData\Roaming\npm\node_modules\npm\node_modules\minipass-fetch\lib\index.js:130:14)
42 verbose stack     at ClientRequest.emit (node:events:508:28)
42 verbose stack     at emitErrorEvent (node:_http_client:108:11)
42 verbose stack     at _destroy (node:_http_client:962:9)
42 verbose stack     at onSocketNT (node:_http_client:982:5)
42 verbose stack     at process.processTicksAndRejections (node:internal/process/task_queues:90:21)
43 error code EACCES
44 error errno EACCES
45 error FetchError: request to https://registry.npmjs.org/prop-types failed, reason: 
45 error     at ClientRequest.<anonymous> (C:\Users\espacegamers\AppData\Roaming\npm\node_modules\npm\node_modules\minipass-fetch\lib\index.js:130:14)
45 error     at ClientRequest.emit (node:events:508:28)
45 error     at emitErrorEvent (node:_http_client:108:11)
45 error     at _destroy (node:_http_client:962:9)
45 error     at onSocketNT (node:_http_client:982:5)
45 error     at process.processTicksAndRejections (node:internal/process/task_queues:90:21) {
45 error   code: 'EACCES',
45 error   errno: 'EACCES',
45 error   type: 'system',
45 error   requiredBy: '.'
45 error }
46 error
46 error The operation was rejected by your operating system.
46 error It's possible that the file was already in use (by a text editor or antivirus),
46 error or that you lack permissions to access it.
46 error
46 error If you believe this might be a permissions issue, please double-check the
46 error permissions of the file and its containing directories, or try running
46 error the command again as root/Administrator.
47 silly unfinished npm timer reify 1773440138884
48 silly unfinished npm timer reify:loadTrees 1773440138885
49 verbose cwd C:\Users\espacegamers\IdeaProjects\React-labs\Lab1\lab1-profplateform
50 verbose os Windows_NT 10.0.26200
51 verbose node v24.11.1
52 verbose npm  v11.7.0
53 verbose exit 1
54 verbose code 1
55 error A complete log of this run can be found in: C:\Users\espacegamers\IdeaProjects\React-labs\Lab1\lab1-profplateform\.npm-cache\_logs\2026-03-13T22_15_38_418Z-debug-0.log
